<?xml version="1.0" encoding="UTF-8"?>
<!-- Generated by org.testng.reporters.JUnitReportReporter -->
<testsuite skipped="0" hostname="LAPTOP-9738CE5M" name="com.qa.hubspot.tests.LoginPageTest" tests="6" failures="0" timestamp="25 Jul 2020 09:55:55 GMT" time="15.576" errors="0">
  <testcase name="verifySignUpLinkTest" time="5.791" classname="com.qa.hubspot.tests.LoginPageTest"/>
  <testcase name="verifySignUpLinkTest" time="5.347" classname="com.qa.hubspot.tests.LoginPageTest"/>
  <testcase name="verifyLoginPageTitleTest" time="0.037" classname="com.qa.hubspot.tests.LoginPageTest"/>
  <testcase name="verifyLoginPageTitleTest" time="0.114" classname="com.qa.hubspot.tests.LoginPageTest"/>
  <testcase name="loginTest" time="2.858" classname="com.qa.hubspot.tests.LoginPageTest"/>
  <testcase name="loginTest" time="1.429" classname="com.qa.hubspot.tests.LoginPageTest"/>
</testsuite> <!-- com.qa.hubspot.tests.LoginPageTest -->
