<?xml version="1.0" encoding="UTF-8"?>
<!-- Generated by org.testng.reporters.JUnitReportReporter -->
<testsuite skipped="0" hostname="LAPTOP-9738CE5M" name="com.qa.hubspot.tests.LoginPageTest" tests="6" failures="0" timestamp="25 Jul 2020 11:23:00 GMT" time="14.911" errors="0">
  <testcase name="verifySignUpLinkTest" time="5.283" classname="com.qa.hubspot.tests.LoginPageTest"/>
  <testcase name="verifySignUpLinkTest" time="6.129" classname="com.qa.hubspot.tests.LoginPageTest"/>
  <testcase name="verifyLoginPageTitleTest" time="0.070" classname="com.qa.hubspot.tests.LoginPageTest"/>
  <testcase name="verifyLoginPageTitleTest" time="0.079" classname="com.qa.hubspot.tests.LoginPageTest"/>
  <testcase name="loginTest" time="1.344" classname="com.qa.hubspot.tests.LoginPageTest"/>
  <testcase name="loginTest" time="2.006" classname="com.qa.hubspot.tests.LoginPageTest"/>
</testsuite> <!-- com.qa.hubspot.tests.LoginPageTest -->
