<?xml version="1.0" encoding="UTF-8"?>
<!-- Generated by org.testng.reporters.JUnitReportReporter -->
<testsuite skipped="4" hostname="LAPTOP-9738CE5M" name="com.qa.hubspot.tests.ContactsPageTest" tests="6" failures="0" timestamp="25 Jul 2020 11:23:00 GMT" time="0.917" errors="0">
  <testcase name="verifyContactsPageTitleTest" time="0.878" classname="com.qa.hubspot.tests.ContactsPageTest"/>
  <testcase name="verifyContactsPageTitleTest" time="0.039" classname="com.qa.hubspot.tests.ContactsPageTest"/>
  <testcase name="verifyContactsPageHeader" classname="com.qa.hubspot.tests.ContactsPageTest">
    <skipped/>
  </testcase> <!-- verifyContactsPageHeader -->
  <testcase name="verifyContactsPageHeader" classname="com.qa.hubspot.tests.ContactsPageTest">
    <skipped/>
  </testcase> <!-- verifyContactsPageHeader -->
  <testcase name="createNewContactTest" classname="com.qa.hubspot.tests.ContactsPageTest">
    <skipped/>
  </testcase> <!-- createNewContactTest -->
  <testcase name="createNewContactTest" classname="com.qa.hubspot.tests.ContactsPageTest">
    <skipped/>
  </testcase> <!-- createNewContactTest -->
</testsuite> <!-- com.qa.hubspot.tests.ContactsPageTest -->
