<?xml version="1.0" encoding="UTF-8"?>
<!-- Generated by org.testng.reporters.JUnitReportReporter -->
<testsuite skipped="0" hostname="Naveen-Mac.local" name="com.qa.hubspot.tests.LoginPageTestBM" tests="3" failures="0" timestamp="06 Jul 2020 01:43:14 GMT" time="38.750" errors="0">
  <testcase name="verifySignUpLinkTest" time="16.193" classname="com.qa.hubspot.tests.LoginPageTestBM"/>
  <testcase name="verifyLoginPageTitleTest" time="9.075" classname="com.qa.hubspot.tests.LoginPageTestBM"/>
  <testcase name="loginTest" time="13.482" classname="com.qa.hubspot.tests.LoginPageTestBM"/>
</testsuite> <!-- com.qa.hubspot.tests.LoginPageTestBM -->
