<?xml version="1.0" encoding="UTF-8"?>
<!-- Generated by org.testng.reporters.JUnitReportReporter -->
<testsuite skipped="0" hostname="LAPTOP-9738CE5M" name="com.qa.hubspot.tests.LoginPageTest" tests="3" failures="0" timestamp="18 Jul 2020 05:29:37 GMT" time="10.804" errors="0">
  <testcase name="verifySignUpLinkTest" time="5.378" classname="com.qa.hubspot.tests.LoginPageTest"/>
  <testcase name="verifyLoginPageTitleTest" time="0.038" classname="com.qa.hubspot.tests.LoginPageTest"/>
  <testcase name="loginTest" time="5.388" classname="com.qa.hubspot.tests.LoginPageTest"/>
</testsuite> <!-- com.qa.hubspot.tests.LoginPageTest -->
